<?xml version="1.0" encoding="UTF-8"?>
<!-- Generated by org.testng.reporters.JUnitReportReporter -->
<testsuite hostname="Diksha" failures="0" tests="2" name="Tests.SubmitTest" time="10.006" errors="0" timestamp="31 Jul 2024 11:34:54 GMT" skipped="0">
  <testcase classname="Tests.SubmitTest" name="submit" time="4.797"/>
  <testcase classname="Tests.SubmitTest" name="submit" time="5.209"/>
</testsuite> <!-- Tests.SubmitTest -->
